<?xml version="1.0" encoding="UTF-8"?>
<!-- Generated by org.testng.reporters.JUnitReportReporter -->
<testsuite hostname="Naveens-MacBook-Pro.local" failures="0" tests="1" name="com.training.tests.HelloTestNGTest" time="0.007" errors="0" timestamp="25 Jun 2020 11:01:49 GMT" skipped="0">
  <testcase classname="com.training.tests.HelloTestNGTest" name="f" time="0.007"/>
</testsuite> <!-- com.training.tests.HelloTestNGTest -->
